2012-09-07 11:13:54.639 [main] INFO  com.xys.cenxi.customer.util.Util - 数据库文件路径：hsqldb
2012-09-07 11:13:54.644 [main] INFO  com.xys.cenxi.customer.util.Util - 创建数据库文件夹：E:\workspace\com.xys.cenxi.customer\hsqldb
2012-09-07 11:13:54.674 [main] INFO  com.xys.cenxi.customer.util.Util - 数据库文件路径：hsqldb
2012-09-07 11:13:56.562 [main] INFO  com.xys.cenxi.customer.db.TableCreater - 创建数据库表。false
2012-09-07 11:14:09.032 [main] INFO  com.xys.cenxi.customer.start.LoginUI - 用户admin登录。
2012-09-07 11:14:09.038 [main] INFO  com.xys.cenxi.customer.start.AppMain - 打开软件。
2012-09-07 11:44:50.225 [main] INFO  com.xys.cenxi.customer.util.Util - 数据库文件路径：hsqldb
2012-09-07 11:44:50.231 [main] INFO  com.xys.cenxi.customer.util.Util - 创建数据库文件夹：E:\workspace\com.xys.cenxi.customer\hsqldb
2012-09-07 11:44:50.256 [main] INFO  com.xys.cenxi.customer.util.Util - 数据库文件路径：hsqldb
2012-09-07 11:44:52.150 [main] INFO  com.xys.cenxi.customer.db.TableCreater - 创建数据库表。false
2012-09-07 11:44:58.433 [main] INFO  com.xys.cenxi.customer.start.LoginUI - 用户admin登录。
2012-09-07 11:44:58.452 [main] INFO  com.xys.cenxi.customer.start.AppMain - 打开软件。
2012-09-07 11:45:26.810 [main] INFO  com.xys.cenxi.customer.util.Util - 数据库文件路径：hsqldb
2012-09-07 11:45:26.814 [main] INFO  com.xys.cenxi.customer.util.Util - 创建数据库文件夹：E:\workspace\com.xys.cenxi.customer\hsqldb
2012-09-07 11:45:26.842 [main] INFO  com.xys.cenxi.customer.util.Util - 数据库文件路径：hsqldb
2012-09-07 11:45:28.789 [main] INFO  com.xys.cenxi.customer.db.TableCreater - 创建数据库表。false
2012-09-07 11:45:32.635 [main] INFO  com.xys.cenxi.customer.start.LoginUI - 用户admin登录。
2012-09-07 11:45:32.640 [main] INFO  com.xys.cenxi.customer.start.AppMain - 打开软件。
2012-09-07 12:03:33.136 [main] INFO  com.xys.cenxi.customer.util.Util - 数据库文件路径：hsqldb
2012-09-07 12:03:33.142 [main] INFO  com.xys.cenxi.customer.util.Util - 创建数据库文件夹：E:\workspace\com.xys.cenxi.customer\hsqldb
2012-09-07 12:03:33.163 [main] INFO  com.xys.cenxi.customer.util.Util - 数据库文件路径：hsqldb
2012-09-07 12:03:35.087 [main] INFO  com.xys.cenxi.customer.db.TableCreater - 创建数据库表。false
2012-09-07 12:03:40.319 [main] INFO  com.xys.cenxi.customer.start.LoginUI - 用户admin登录。
2012-09-07 12:03:40.327 [main] INFO  com.xys.cenxi.customer.start.AppMain - 打开软件。
