2012-09-06 09:23:26.111 [main] INFO  com.xys.cenxi.customer.util.Util - 数据库文件路径：hsqldb
2012-09-06 09:23:26.116 [main] INFO  com.xys.cenxi.customer.util.Util - 创建数据库文件夹：E:\workspace\com.xys.cenxi.customer\hsqldb
2012-09-06 09:23:26.177 [main] INFO  com.xys.cenxi.customer.util.Util - 数据库文件路径：hsqldb
2012-09-06 09:23:28.299 [main] INFO  com.xys.cenxi.customer.db.TableCreater - 创建数据库表。false
2012-09-06 09:23:37.574 [main] INFO  com.xys.cenxi.customer.start.LoginUI - 用户admin登录。
2012-09-06 09:23:37.580 [main] INFO  com.xys.cenxi.customer.start.AppMain - 打开软件。
2012-09-06 09:59:22.129 [main] INFO  com.xys.cenxi.customer.util.Util - 数据库文件路径：hsqldb
2012-09-06 09:59:22.133 [main] INFO  com.xys.cenxi.customer.util.Util - 创建数据库文件夹：E:\workspace\com.xys.cenxi.customer\hsqldb
2012-09-06 09:59:22.154 [main] INFO  com.xys.cenxi.customer.util.Util - 数据库文件路径：hsqldb
2012-09-06 09:59:23.982 [main] INFO  com.xys.cenxi.customer.db.TableCreater - 创建数据库表。false
2012-09-06 09:59:29.097 [main] INFO  com.xys.cenxi.customer.start.LoginUI - 用户admin登录。
2012-09-06 09:59:29.105 [main] INFO  com.xys.cenxi.customer.start.AppMain - 打开软件。
2012-09-06 10:04:40.170 [main] INFO  com.xys.cenxi.customer.util.Util - 数据库文件路径：hsqldb
2012-09-06 10:04:40.174 [main] INFO  com.xys.cenxi.customer.util.Util - 创建数据库文件夹：E:\workspace\com.xys.cenxi.customer\hsqldb
2012-09-06 10:04:40.204 [main] INFO  com.xys.cenxi.customer.util.Util - 数据库文件路径：hsqldb
2012-09-06 10:04:42.013 [main] INFO  com.xys.cenxi.customer.db.TableCreater - 创建数据库表。false
2012-09-06 10:09:18.901 [main] INFO  com.xys.cenxi.customer.start.LoginUI - 用户admin登录。
2012-09-06 10:09:18.908 [main] INFO  com.xys.cenxi.customer.start.AppMain - 打开软件。
2012-09-06 10:43:47.018 [main] INFO  com.xys.cenxi.customer.util.Util - 数据库文件路径：hsqldb
2012-09-06 10:43:47.024 [main] INFO  com.xys.cenxi.customer.util.Util - 创建数据库文件夹：E:\workspace\com.xys.cenxi.customer\hsqldb
2012-09-06 10:43:47.054 [main] INFO  com.xys.cenxi.customer.util.Util - 数据库文件路径：hsqldb
2012-09-06 10:43:48.909 [main] INFO  com.xys.cenxi.customer.db.TableCreater - 创建数据库表。false
2012-09-06 10:44:12.819 [main] INFO  com.xys.cenxi.customer.start.LoginUI - 用户admin登录。
2012-09-06 10:44:12.827 [main] INFO  com.xys.cenxi.customer.start.AppMain - 打开软件。
2012-09-06 10:46:44.642 [main] INFO  com.xys.cenxi.customer.util.Util - 数据库文件路径：hsqldb
2012-09-06 10:46:44.646 [main] INFO  com.xys.cenxi.customer.util.Util - 创建数据库文件夹：E:\workspace\com.xys.cenxi.customer\hsqldb
2012-09-06 10:46:44.662 [main] INFO  com.xys.cenxi.customer.util.Util - 数据库文件路径：hsqldb
2012-09-06 10:46:46.475 [main] INFO  com.xys.cenxi.customer.db.TableCreater - 创建数据库表。false
2012-09-06 10:46:52.190 [main] INFO  com.xys.cenxi.customer.start.LoginUI - 用户admin登录。
2012-09-06 10:46:52.194 [main] INFO  com.xys.cenxi.customer.start.AppMain - 打开软件。
2012-09-06 10:54:11.378 [main] INFO  com.xys.cenxi.customer.util.Util - 数据库文件路径：hsqldb
2012-09-06 10:54:11.382 [main] INFO  com.xys.cenxi.customer.util.Util - 创建数据库文件夹：E:\workspace\com.xys.cenxi.customer\hsqldb
2012-09-06 10:54:11.410 [main] INFO  com.xys.cenxi.customer.util.Util - 数据库文件路径：hsqldb
2012-09-06 10:54:13.298 [main] INFO  com.xys.cenxi.customer.db.TableCreater - 创建数据库表。false
2012-09-06 10:54:18.813 [main] INFO  com.xys.cenxi.customer.start.LoginUI - 用户admin登录。
2012-09-06 10:54:18.832 [main] INFO  com.xys.cenxi.customer.start.AppMain - 打开软件。
2012-09-06 10:58:35.813 [main] INFO  com.xys.cenxi.customer.util.Util - 数据库文件路径：hsqldb
2012-09-06 10:58:35.817 [main] INFO  com.xys.cenxi.customer.util.Util - 创建数据库文件夹：E:\workspace\com.xys.cenxi.customer\hsqldb
2012-09-06 10:58:35.840 [main] INFO  com.xys.cenxi.customer.util.Util - 数据库文件路径：hsqldb
2012-09-06 10:58:37.662 [main] INFO  com.xys.cenxi.customer.db.TableCreater - 创建数据库表。false
2012-09-06 10:58:42.784 [main] INFO  com.xys.cenxi.customer.start.LoginUI - 用户admin登录。
2012-09-06 10:58:42.795 [main] INFO  com.xys.cenxi.customer.start.AppMain - 打开软件。
2012-09-06 11:13:46.496 [main] INFO  com.xys.cenxi.customer.util.Util - 数据库文件路径：hsqldb
2012-09-06 11:13:46.500 [main] INFO  com.xys.cenxi.customer.util.Util - 创建数据库文件夹：E:\workspace\com.xys.cenxi.customer\hsqldb
2012-09-06 11:13:46.533 [main] INFO  com.xys.cenxi.customer.util.Util - 数据库文件路径：hsqldb
2012-09-06 11:13:48.370 [main] INFO  com.xys.cenxi.customer.db.TableCreater - 创建数据库表。false
2012-09-06 11:13:59.294 [main] INFO  com.xys.cenxi.customer.start.LoginUI - 用户admin登录。
2012-09-06 11:13:59.300 [main] INFO  com.xys.cenxi.customer.start.AppMain - 打开软件。
2012-09-06 11:28:32.834 [main] INFO  com.xys.cenxi.customer.util.Util - 数据库文件路径：hsqldb
2012-09-06 11:28:32.838 [main] INFO  com.xys.cenxi.customer.util.Util - 创建数据库文件夹：E:\workspace\com.xys.cenxi.customer\hsqldb
2012-09-06 11:28:32.860 [main] INFO  com.xys.cenxi.customer.util.Util - 数据库文件路径：hsqldb
2012-09-06 11:28:34.716 [main] INFO  com.xys.cenxi.customer.db.TableCreater - 创建数据库表。false
2012-09-06 11:28:40.873 [main] INFO  com.xys.cenxi.customer.start.LoginUI - 用户admin登录。
2012-09-06 11:28:40.893 [main] INFO  com.xys.cenxi.customer.start.AppMain - 打开软件。
2012-09-06 11:30:20.929 [main] INFO  com.xys.cenxi.customer.util.Util - 数据库文件路径：hsqldb
2012-09-06 11:30:20.933 [main] INFO  com.xys.cenxi.customer.util.Util - 创建数据库文件夹：E:\workspace\com.xys.cenxi.customer\hsqldb
2012-09-06 11:30:20.965 [main] INFO  com.xys.cenxi.customer.util.Util - 数据库文件路径：hsqldb
2012-09-06 11:30:22.826 [main] INFO  com.xys.cenxi.customer.db.TableCreater - 创建数据库表。false
2012-09-06 11:30:27.651 [main] INFO  com.xys.cenxi.customer.start.LoginUI - 用户admin登录。
2012-09-06 11:30:27.659 [main] INFO  com.xys.cenxi.customer.start.AppMain - 打开软件。
2012-09-06 11:32:53.728 [main] INFO  com.xys.cenxi.customer.util.Util - 数据库文件路径：hsqldb
2012-09-06 11:32:53.732 [main] INFO  com.xys.cenxi.customer.util.Util - 创建数据库文件夹：E:\workspace\com.xys.cenxi.customer\hsqldb
2012-09-06 11:32:53.756 [main] INFO  com.xys.cenxi.customer.util.Util - 数据库文件路径：hsqldb
2012-09-06 11:32:55.643 [main] INFO  com.xys.cenxi.customer.db.TableCreater - 创建数据库表。false
2012-09-06 11:33:04.702 [main] INFO  com.xys.cenxi.customer.start.LoginUI - 用户admin登录。
2012-09-06 11:33:04.724 [main] INFO  com.xys.cenxi.customer.start.AppMain - 打开软件。
2012-09-06 11:41:48.864 [main] INFO  com.xys.cenxi.customer.util.Util - 数据库文件路径：hsqldb
2012-09-06 11:41:48.869 [main] INFO  com.xys.cenxi.customer.util.Util - 创建数据库文件夹：E:\workspace\com.xys.cenxi.customer\hsqldb
2012-09-06 11:41:48.896 [main] INFO  com.xys.cenxi.customer.util.Util - 数据库文件路径：hsqldb
2012-09-06 11:41:50.730 [main] INFO  com.xys.cenxi.customer.db.TableCreater - 创建数据库表。false
2012-09-06 11:41:55.222 [main] INFO  com.xys.cenxi.customer.start.LoginUI - 用户admin登录。
2012-09-06 11:41:55.229 [main] INFO  com.xys.cenxi.customer.start.AppMain - 打开软件。
2012-09-06 11:44:14.446 [main] INFO  com.xys.cenxi.customer.util.Util - 数据库文件路径：hsqldb
2012-09-06 11:44:14.452 [main] INFO  com.xys.cenxi.customer.util.Util - 创建数据库文件夹：E:\workspace\com.xys.cenxi.customer\hsqldb
2012-09-06 11:44:14.478 [main] INFO  com.xys.cenxi.customer.util.Util - 数据库文件路径：hsqldb
2012-09-06 11:44:16.344 [main] INFO  com.xys.cenxi.customer.db.TableCreater - 创建数据库表。false
2012-09-06 11:44:20.380 [main] INFO  com.xys.cenxi.customer.start.LoginUI - 用户admin登录。
2012-09-06 11:44:20.388 [main] INFO  com.xys.cenxi.customer.start.AppMain - 打开软件。
2012-09-06 11:45:35.978 [main] INFO  com.xys.cenxi.customer.util.Util - 数据库文件路径：hsqldb
2012-09-06 11:45:35.982 [main] INFO  com.xys.cenxi.customer.util.Util - 创建数据库文件夹：E:\workspace\com.xys.cenxi.customer\hsqldb
2012-09-06 11:45:36.013 [main] INFO  com.xys.cenxi.customer.util.Util - 数据库文件路径：hsqldb
2012-09-06 11:45:37.839 [main] INFO  com.xys.cenxi.customer.db.TableCreater - 创建数据库表。false
2012-09-06 11:45:46.509 [main] INFO  com.xys.cenxi.customer.start.LoginUI - 用户admin登录。
2012-09-06 11:45:46.515 [main] INFO  com.xys.cenxi.customer.start.AppMain - 打开软件。
2012-09-06 11:55:57.453 [main] INFO  com.xys.cenxi.customer.util.Util - 数据库文件路径：hsqldb
2012-09-06 11:55:57.457 [main] INFO  com.xys.cenxi.customer.util.Util - 创建数据库文件夹：E:\workspace\com.xys.cenxi.customer\hsqldb
2012-09-06 11:55:57.480 [main] INFO  com.xys.cenxi.customer.util.Util - 数据库文件路径：hsqldb
2012-09-06 11:55:59.357 [main] INFO  com.xys.cenxi.customer.db.TableCreater - 创建数据库表。false
2012-09-06 11:56:07.941 [main] INFO  com.xys.cenxi.customer.start.LoginUI - 用户admin登录。
2012-09-06 11:56:07.947 [main] INFO  com.xys.cenxi.customer.start.AppMain - 打开软件。
2012-09-06 11:58:25.529 [main] INFO  com.xys.cenxi.customer.util.Util - 数据库文件路径：hsqldb
2012-09-06 11:58:25.535 [main] INFO  com.xys.cenxi.customer.util.Util - 创建数据库文件夹：E:\workspace\com.xys.cenxi.customer\hsqldb
2012-09-06 11:58:25.565 [main] INFO  com.xys.cenxi.customer.util.Util - 数据库文件路径：hsqldb
2012-09-06 11:58:27.411 [main] INFO  com.xys.cenxi.customer.db.TableCreater - 创建数据库表。false
2012-09-06 11:58:32.339 [main] INFO  com.xys.cenxi.customer.start.LoginUI - 用户admin登录。
2012-09-06 11:58:32.345 [main] INFO  com.xys.cenxi.customer.start.AppMain - 打开软件。
2012-09-06 12:05:27.059 [main] INFO  com.xys.cenxi.customer.util.Util - 数据库文件路径：hsqldb
2012-09-06 12:05:27.063 [main] INFO  com.xys.cenxi.customer.util.Util - 创建数据库文件夹：E:\workspace\com.xys.cenxi.customer\hsqldb
2012-09-06 12:05:27.089 [main] INFO  com.xys.cenxi.customer.util.Util - 数据库文件路径：hsqldb
2012-09-06 12:05:28.917 [main] INFO  com.xys.cenxi.customer.db.TableCreater - 创建数据库表。false
2012-09-06 12:05:42.036 [main] INFO  com.xys.cenxi.customer.start.LoginUI - 用户admin登录。
2012-09-06 12:05:42.056 [main] INFO  com.xys.cenxi.customer.start.AppMain - 打开软件。
2012-09-06 12:12:57.057 [main] INFO  com.xys.cenxi.customer.util.Util - 数据库文件路径：hsqldb
2012-09-06 12:12:57.062 [main] INFO  com.xys.cenxi.customer.util.Util - 创建数据库文件夹：E:\workspace\com.xys.cenxi.customer\hsqldb
2012-09-06 12:12:57.086 [main] INFO  com.xys.cenxi.customer.util.Util - 数据库文件路径：hsqldb
2012-09-06 12:12:59.024 [main] INFO  com.xys.cenxi.customer.db.TableCreater - 创建数据库表。false
2012-09-06 12:13:06.360 [main] INFO  com.xys.cenxi.customer.start.LoginUI - 用户admin登录。
2012-09-06 12:13:06.365 [main] INFO  com.xys.cenxi.customer.start.AppMain - 打开软件。
2012-09-06 13:22:17.868 [main] INFO  com.xys.cenxi.customer.util.Util - 数据库文件路径：hsqldb
2012-09-06 13:22:17.873 [main] INFO  com.xys.cenxi.customer.util.Util - 创建数据库文件夹：E:\workspace\com.xys.cenxi.customer\hsqldb
2012-09-06 13:22:17.900 [main] INFO  com.xys.cenxi.customer.util.Util - 数据库文件路径：hsqldb
2012-09-06 13:22:19.720 [main] INFO  com.xys.cenxi.customer.db.TableCreater - 创建数据库表。false
2012-09-06 13:22:33.056 [main] INFO  com.xys.cenxi.customer.start.LoginUI - 用户admin登录。
2012-09-06 13:22:33.061 [main] INFO  com.xys.cenxi.customer.start.AppMain - 打开软件。
2012-09-06 13:23:58.664 [main] INFO  com.xys.cenxi.customer.util.Util - 数据库文件路径：hsqldb
2012-09-06 13:23:58.668 [main] INFO  com.xys.cenxi.customer.util.Util - 创建数据库文件夹：E:\workspace\com.xys.cenxi.customer\hsqldb
2012-09-06 13:23:58.697 [main] INFO  com.xys.cenxi.customer.util.Util - 数据库文件路径：hsqldb
2012-09-06 13:24:00.480 [main] INFO  com.xys.cenxi.customer.db.TableCreater - 创建数据库表。true
2012-09-06 13:24:22.854 [main] INFO  com.xys.cenxi.customer.util.Util - 数据库文件路径：hsqldb
2012-09-06 13:24:22.860 [main] INFO  com.xys.cenxi.customer.util.Util - 创建数据库文件夹：E:\workspace\com.xys.cenxi.customer\hsqldb
2012-09-06 13:24:22.885 [main] INFO  com.xys.cenxi.customer.util.Util - 数据库文件路径：hsqldb
2012-09-06 13:24:24.700 [main] INFO  com.xys.cenxi.customer.db.TableCreater - 创建数据库表。true
2012-09-06 13:24:31.899 [main] INFO  com.xys.cenxi.customer.start.LoginUI - 用户admin登录。
2012-09-06 13:24:31.905 [main] INFO  com.xys.cenxi.customer.start.AppMain - 打开软件。
2012-09-06 13:25:11.181 [main] INFO  com.xys.cenxi.customer.util.Util - 数据库文件路径：hsqldb
2012-09-06 13:25:11.186 [main] INFO  com.xys.cenxi.customer.util.Util - 创建数据库文件夹：E:\workspace\com.xys.cenxi.customer\hsqldb
2012-09-06 13:25:11.197 [main] INFO  com.xys.cenxi.customer.util.Util - 数据库文件路径：hsqldb
2012-09-06 13:25:11.203 [main] INFO  com.xys.cenxi.customer.util.Util - 创建数据库文件夹：E:\workspace\com.xys.cenxi.customer\hsqldb
2012-09-06 13:25:11.213 [main] INFO  com.xys.cenxi.customer.util.Util - 数据库文件路径：hsqldb
2012-09-06 13:25:11.229 [main] INFO  com.xys.cenxi.customer.util.Util - 数据库文件路径：hsqldb
2012-09-06 13:25:13.474 [main] INFO  com.xys.cenxi.customer.db.TableCreater - 创建数据库表。true
2012-09-06 13:25:44.442 [main] INFO  com.xys.cenxi.customer.util.Util - 数据库文件路径：hsqldb
2012-09-06 13:25:44.446 [main] INFO  com.xys.cenxi.customer.util.Util - 创建数据库文件夹：E:\workspace\com.xys.cenxi.customer\hsqldb
2012-09-06 13:25:44.463 [main] INFO  com.xys.cenxi.customer.util.Util - 数据库文件路径：hsqldb
2012-09-06 13:25:46.321 [main] INFO  com.xys.cenxi.customer.db.TableCreater - 创建数据库表。true
2012-09-06 13:25:57.460 [main] INFO  com.xys.cenxi.customer.util.Util - 数据库文件路径：hsqldb
2012-09-06 13:25:57.464 [main] INFO  com.xys.cenxi.customer.util.Util - 创建数据库文件夹：E:\workspace\com.xys.cenxi.customer\hsqldb
2012-09-06 13:25:57.490 [main] INFO  com.xys.cenxi.customer.util.Util - 数据库文件路径：hsqldb
2012-09-06 13:25:59.331 [main] INFO  com.xys.cenxi.customer.db.TableCreater - 创建数据库表。false
2012-09-06 13:26:11.659 [main] INFO  com.xys.cenxi.customer.start.LoginUI - 用户admin登录。
2012-09-06 13:26:11.666 [main] INFO  com.xys.cenxi.customer.start.AppMain - 打开软件。
2012-09-06 13:27:45.296 [main] INFO  com.xys.cenxi.customer.util.Util - 数据库文件路径：hsqldb
2012-09-06 13:27:45.300 [main] INFO  com.xys.cenxi.customer.util.Util - 创建数据库文件夹：E:\workspace\com.xys.cenxi.customer\hsqldb
2012-09-06 13:27:45.330 [main] INFO  com.xys.cenxi.customer.util.Util - 数据库文件路径：hsqldb
2012-09-06 13:27:50.345 [main] INFO  com.xys.cenxi.customer.db.TableCreater - 创建数据库表。false
2012-09-06 13:28:05.706 [main] INFO  com.xys.cenxi.customer.start.LoginUI - 用户admin登录。
2012-09-06 13:28:05.710 [main] INFO  com.xys.cenxi.customer.start.AppMain - 打开软件。
2012-09-06 14:11:37.238 [main] INFO  com.xys.cenxi.customer.util.Util - 数据库文件路径：hsqldb
2012-09-06 14:11:37.244 [main] INFO  com.xys.cenxi.customer.util.Util - 创建数据库文件夹：E:\workspace\com.xys.cenxi.customer\hsqldb
2012-09-06 14:11:37.268 [main] INFO  com.xys.cenxi.customer.util.Util - 数据库文件路径：hsqldb
2012-09-06 14:11:39.125 [main] INFO  com.xys.cenxi.customer.db.TableCreater - 创建数据库表。false
2012-09-06 14:11:43.536 [main] INFO  com.xys.cenxi.customer.start.LoginUI - 用户admin登录。
2012-09-06 14:11:43.541 [main] INFO  com.xys.cenxi.customer.start.AppMain - 打开软件。
2012-09-06 14:20:14.112 [main] INFO  com.xys.cenxi.customer.util.Util - 数据库文件路径：hsqldb
2012-09-06 14:20:14.117 [main] INFO  com.xys.cenxi.customer.util.Util - 创建数据库文件夹：E:\workspace\com.xys.cenxi.customer\hsqldb
2012-09-06 14:20:14.135 [main] INFO  com.xys.cenxi.customer.util.Util - 数据库文件路径：hsqldb
2012-09-06 14:20:16.034 [main] INFO  com.xys.cenxi.customer.db.TableCreater - 创建数据库表。false
2012-09-06 14:20:23.089 [main] INFO  com.xys.cenxi.customer.start.LoginUI - 用户admin登录。
2012-09-06 14:20:23.098 [main] INFO  com.xys.cenxi.customer.start.AppMain - 打开软件。
2012-09-06 15:03:02.923 [main] INFO  com.xys.cenxi.customer.util.Util - 数据库文件路径：hsqldb
2012-09-06 15:03:02.928 [main] INFO  com.xys.cenxi.customer.util.Util - 创建数据库文件夹：E:\workspace\com.xys.cenxi.customer\hsqldb
2012-09-06 15:03:02.957 [main] INFO  com.xys.cenxi.customer.util.Util - 数据库文件路径：hsqldb
2012-09-06 15:03:04.875 [main] INFO  com.xys.cenxi.customer.db.TableCreater - 创建数据库表。false
2012-09-06 15:03:10.893 [main] INFO  com.xys.cenxi.customer.start.LoginUI - 用户admin登录。
2012-09-06 15:03:10.900 [main] INFO  com.xys.cenxi.customer.start.AppMain - 打开软件。
2012-09-06 15:15:32.893 [main] INFO  com.xys.cenxi.customer.util.Util - 数据库文件路径：hsqldb
2012-09-06 15:15:32.899 [main] INFO  com.xys.cenxi.customer.util.Util - 创建数据库文件夹：E:\workspace\com.xys.cenxi.customer\hsqldb
2012-09-06 15:15:32.929 [main] INFO  com.xys.cenxi.customer.util.Util - 数据库文件路径：hsqldb
2012-09-06 15:15:34.855 [main] INFO  com.xys.cenxi.customer.db.TableCreater - 创建数据库表。false
2012-09-06 15:15:40.489 [main] INFO  com.xys.cenxi.customer.start.LoginUI - 用户admin登录。
2012-09-06 15:15:40.494 [main] INFO  com.xys.cenxi.customer.start.AppMain - 打开软件。
2012-09-06 16:02:35.208 [main] INFO  com.xys.cenxi.customer.util.Util - 数据库文件路径：hsqldb
2012-09-06 16:02:35.213 [main] INFO  com.xys.cenxi.customer.util.Util - 创建数据库文件夹：E:\workspace\com.xys.cenxi.customer\hsqldb
2012-09-06 16:02:35.235 [main] INFO  com.xys.cenxi.customer.util.Util - 数据库文件路径：hsqldb
2012-09-06 16:02:37.179 [main] INFO  com.xys.cenxi.customer.db.TableCreater - 创建数据库表。false
2012-09-06 16:02:41.904 [main] INFO  com.xys.cenxi.customer.start.LoginUI - 用户admin登录。
2012-09-06 16:02:41.911 [main] INFO  com.xys.cenxi.customer.start.AppMain - 打开软件。
2012-09-06 16:22:48.275 [main] INFO  com.xys.cenxi.customer.util.Util - 数据库文件路径：hsqldb
2012-09-06 16:22:48.279 [main] INFO  com.xys.cenxi.customer.util.Util - 创建数据库文件夹：E:\workspace\com.xys.cenxi.customer\hsqldb
2012-09-06 16:22:48.298 [main] INFO  com.xys.cenxi.customer.util.Util - 数据库文件路径：hsqldb
2012-09-06 16:22:50.275 [main] INFO  com.xys.cenxi.customer.db.TableCreater - 创建数据库表。false
2012-09-06 16:23:00.865 [main] INFO  com.xys.cenxi.customer.util.Util - 数据库文件路径：hsqldb
2012-09-06 16:23:00.870 [main] INFO  com.xys.cenxi.customer.util.Util - 创建数据库文件夹：E:\workspace\com.xys.cenxi.customer\hsqldb
2012-09-06 16:23:00.904 [main] INFO  com.xys.cenxi.customer.util.Util - 数据库文件路径：hsqldb
2012-09-06 16:23:02.787 [main] INFO  com.xys.cenxi.customer.db.TableCreater - 创建数据库表。false
2012-09-06 16:23:07.981 [main] INFO  com.xys.cenxi.customer.start.LoginUI - 用户admin登录。
2012-09-06 16:23:07.987 [main] INFO  com.xys.cenxi.customer.start.AppMain - 打开软件。
2012-09-06 16:35:37.112 [main] INFO  com.xys.cenxi.customer.util.Util - 数据库文件路径：hsqldb
2012-09-06 16:35:37.116 [main] INFO  com.xys.cenxi.customer.util.Util - 创建数据库文件夹：E:\workspace\com.xys.cenxi.customer\hsqldb
2012-09-06 16:35:37.147 [main] INFO  com.xys.cenxi.customer.util.Util - 数据库文件路径：hsqldb
2012-09-06 16:35:39.017 [main] INFO  com.xys.cenxi.customer.db.TableCreater - 创建数据库表。false
2012-09-06 16:35:43.363 [main] INFO  com.xys.cenxi.customer.start.LoginUI - 用户admin登录。
2012-09-06 16:35:43.373 [main] INFO  com.xys.cenxi.customer.start.AppMain - 打开软件。
